2023-05-10 11:41:15 [restartedMain] INFO  c.o.s.SpeMajorBackendApplication - Starting SpeMajorBackendApplication using Java 11.0.19 on pop-os with PID 739 (/home/kay_r0hit/Rohit/sem2/SPE/SPEMajorProject/SPEMajorBackend/target/classes started by kay_r0hit in /home/kay_r0hit/Rohit/sem2/SPE/SPEMajorProject/SPEMajorBackend)
2023-05-10 11:41:16 [restartedMain] INFO  c.o.s.SpeMajorBackendApplication - No active profile set, falling back to 1 default profile: "default"
2023-05-10 11:41:16 [restartedMain] INFO  o.s.b.d.e.DevToolsPropertyDefaultsPostProcessor - Devtools property defaults active! Set 'spring.devtools.add-properties' to 'false' to disable
2023-05-10 11:41:16 [restartedMain] INFO  o.s.b.d.e.DevToolsPropertyDefaultsPostProcessor - For additional web related logging consider setting the 'logging.level.web' property to 'DEBUG'
2023-05-10 11:41:16 [restartedMain] INFO  o.s.d.r.c.RepositoryConfigurationDelegate - Bootstrapping Spring Data JPA repositories in DEFAULT mode.
2023-05-10 11:41:16 [restartedMain] INFO  o.s.d.r.c.RepositoryConfigurationDelegate - Finished Spring Data repository scanning in 54 ms. Found 6 JPA repository interfaces.
2023-05-10 11:41:17 [restartedMain] INFO  o.s.b.w.e.tomcat.TomcatWebServer - Tomcat initialized with port(s): 5000 (http)
2023-05-10 11:41:17 [restartedMain] INFO  o.a.catalina.core.StandardService - Starting service [Tomcat]
2023-05-10 11:41:17 [restartedMain] INFO  o.a.catalina.core.StandardEngine - Starting Servlet engine: [Apache Tomcat/9.0.73]
2023-05-10 11:41:17 [restartedMain] INFO  o.a.c.c.C.[Tomcat].[localhost].[/] - Initializing Spring embedded WebApplicationContext
2023-05-10 11:41:17 [restartedMain] INFO  o.s.b.w.s.c.ServletWebServerApplicationContext - Root WebApplicationContext: initialization completed in 1533 ms
2023-05-10 11:41:17 [restartedMain] INFO  o.h.jpa.internal.util.LogHelper - HHH000204: Processing PersistenceUnitInfo [name: default]
2023-05-10 11:41:17 [restartedMain] INFO  org.hibernate.Version - HHH000412: Hibernate ORM core version 5.6.15.Final
2023-05-10 11:41:18 [restartedMain] INFO  o.h.annotations.common.Version - HCANN000001: Hibernate Commons Annotations {5.1.2.Final}
2023-05-10 11:41:18 [restartedMain] INFO  com.zaxxer.hikari.HikariDataSource - HikariPool-1 - Starting...
2023-05-10 11:41:18 [restartedMain] INFO  com.zaxxer.hikari.HikariDataSource - HikariPool-1 - Start completed.
2023-05-10 11:41:18 [restartedMain] INFO  org.hibernate.dialect.Dialect - HHH000400: Using dialect: org.hibernate.dialect.MySQL5InnoDBDialect
2023-05-10 11:41:19 [restartedMain] INFO  o.h.e.t.j.p.i.JtaPlatformInitiator - HHH000490: Using JtaPlatform implementation: [org.hibernate.engine.transaction.jta.platform.internal.NoJtaPlatform]
2023-05-10 11:41:19 [restartedMain] INFO  o.s.o.j.LocalContainerEntityManagerFactoryBean - Initialized JPA EntityManagerFactory for persistence unit 'default'
2023-05-10 11:41:19 [restartedMain] WARN  o.s.b.a.o.j.JpaBaseConfiguration$JpaWebConfiguration - spring.jpa.open-in-view is enabled by default. Therefore, database queries may be performed during view rendering. Explicitly configure spring.jpa.open-in-view to disable this warning
2023-05-10 11:41:20 [restartedMain] INFO  o.s.s.web.DefaultSecurityFilterChain - Will secure any request with [org.springframework.security.web.session.DisableEncodeUrlFilter@94efef1, org.springframework.security.web.context.request.async.WebAsyncManagerIntegrationFilter@53c3b439, org.springframework.security.web.context.SecurityContextPersistenceFilter@24fe6aea, org.springframework.security.web.header.HeaderWriterFilter@627558a3, org.springframework.web.filter.CorsFilter@5fa12299, org.springframework.security.web.authentication.logout.LogoutFilter@63694b5f, com.org.spemajorbackend.config.JwtRequestFilter@cc637ee, org.springframework.security.web.savedrequest.RequestCacheAwareFilter@170f6ec6, org.springframework.security.web.servletapi.SecurityContextHolderAwareRequestFilter@643829c4, org.springframework.security.web.authentication.AnonymousAuthenticationFilter@133f9954, org.springframework.security.web.session.SessionManagementFilter@666ddcc6, org.springframework.security.web.access.ExceptionTranslationFilter@7391388e, org.springframework.security.web.access.intercept.FilterSecurityInterceptor@88732f8]
2023-05-10 11:41:20 [restartedMain] INFO  o.s.b.d.a.OptionalLiveReloadServer - LiveReload server is running on port 35729
2023-05-10 11:41:20 [restartedMain] INFO  o.s.b.w.e.tomcat.TomcatWebServer - Tomcat started on port(s): 5000 (http) with context path ''
2023-05-10 11:41:20 [restartedMain] INFO  c.o.s.SpeMajorBackendApplication - Started SpeMajorBackendApplication in 4.887 seconds (JVM running for 6.036)
2023-05-10 11:44:01 [http-nio-5000-exec-1] INFO  o.a.c.c.C.[Tomcat].[localhost].[/] - Initializing Spring DispatcherServlet 'dispatcherServlet'
2023-05-10 11:44:01 [http-nio-5000-exec-1] INFO  o.s.web.servlet.DispatcherServlet - Initializing Servlet 'dispatcherServlet'
2023-05-10 11:44:01 [http-nio-5000-exec-1] INFO  o.s.web.servlet.DispatcherServlet - Completed initialization in 1 ms
2023-05-10 11:44:02 [http-nio-5000-exec-1] INFO  c.o.s.controller.MessController - [Get mess profile]
2023-05-10 11:45:15 [http-nio-5000-exec-3] INFO  c.o.s.controller.MessController - [Get mess profile]
2023-05-10 11:46:53 [http-nio-5000-exec-5] INFO  c.o.s.controller.MessController - [Get all requests]
2023-05-10 11:46:55 [http-nio-5000-exec-6] INFO  c.o.s.controller.MessController - [Get all requests]
2023-05-10 11:47:04 [http-nio-5000-exec-7] INFO  c.o.s.controller.MessController - [Get mess profile]
2023-05-10 11:49:57 [http-nio-5000-exec-9] INFO  c.o.s.controller.MessController - [Get all requests]
2023-05-10 11:50:36 [http-nio-5000-exec-10] INFO  c.o.s.controller.MessController - [Get all requests]
2023-05-10 11:58:10 [http-nio-5000-exec-2] INFO  c.o.s.controller.MessController - [Get all requests]
2023-05-10 12:00:37 [http-nio-5000-exec-4] INFO  c.o.s.controller.MessController - [Get all requests]
2023-05-10 12:01:17 [http-nio-5000-exec-5] INFO  c.o.s.controller.MessController - [Get all requests]
2023-05-10 12:02:40 [http-nio-5000-exec-8] INFO  c.o.s.controller.MessController - [Get all requests]
2023-05-10 12:05:53 [http-nio-5000-exec-10] INFO  c.o.s.controller.MessController - [Get all requests]
2023-05-10 12:06:11 [http-nio-5000-exec-1] INFO  c.o.s.controller.MessController - [Get all requests]
2023-05-10 12:07:35 [http-nio-5000-exec-4] INFO  c.o.s.controller.MessController - [Get all requests]
2023-05-10 12:07:38 [http-nio-5000-exec-5] INFO  c.o.s.controller.MessController - [Get all requests]
2023-05-10 12:07:40 [http-nio-5000-exec-6] INFO  c.o.s.controller.MessController - [Get all requests]
2023-05-10 12:08:30 [http-nio-5000-exec-7] INFO  c.o.s.controller.MessController - [Get all requests]
2023-05-10 12:08:39 [http-nio-5000-exec-8] INFO  c.o.s.controller.MessController - [Get all requests]
2023-05-10 12:09:04 [http-nio-5000-exec-9] INFO  c.o.s.controller.MessController - [Get all requests]
2023-05-10 12:09:09 [http-nio-5000-exec-10] INFO  c.o.s.controller.MessController - [Get all requests]
2023-05-10 12:09:31 [http-nio-5000-exec-1] INFO  c.o.s.controller.MessController - [Get all requests]
2023-05-10 12:11:50 [http-nio-5000-exec-3] INFO  c.o.s.controller.MessController - [Get all requests]
2023-05-10 12:12:35 [http-nio-5000-exec-4] INFO  c.o.s.controller.MessController - [Get all requests]
2023-05-10 12:12:37 [http-nio-5000-exec-5] INFO  c.o.s.controller.MessController - [Get all requests]
2023-05-10 12:12:49 [http-nio-5000-exec-6] INFO  c.o.s.controller.MessController - [Get all requests]
2023-05-10 12:13:10 [http-nio-5000-exec-7] INFO  c.o.s.controller.MessController - [Get all requests]
2023-05-10 12:14:11 [http-nio-5000-exec-9] INFO  c.o.s.controller.MessController - [Get all requests]
2023-05-10 12:14:41 [http-nio-5000-exec-10] INFO  c.o.s.controller.MessController - [Get all requests]
2023-05-10 12:20:38 [http-nio-5000-exec-2] INFO  c.o.s.controller.MessController - [Get mess profile]
2023-05-10 12:21:03 [http-nio-5000-exec-3] INFO  c.o.s.controller.MessController - [Get mess profile]
2023-05-10 12:21:41 [http-nio-5000-exec-4] INFO  c.o.s.controller.MessController - [Get mess profile]
2023-05-10 12:23:31 [http-nio-5000-exec-6] INFO  c.o.s.controller.MessController - [Get mess profile]
2023-05-10 12:23:54 [http-nio-5000-exec-7] INFO  c.o.s.controller.MessController - [Get mess profile]
2023-05-10 12:23:55 [http-nio-5000-exec-8] INFO  c.o.s.controller.MessController - [Get mess profile]
2023-05-10 12:24:22 [http-nio-5000-exec-9] INFO  c.o.s.controller.MessController - [Get mess profile]
2023-05-10 12:25:15 [http-nio-5000-exec-1] INFO  c.o.s.controller.MessController - [Get mess profile]
2023-05-10 12:25:23 [http-nio-5000-exec-3] INFO  c.o.s.controller.MessController - [Get mess profile]
2023-05-10 12:30:53 [http-nio-5000-exec-5] INFO  c.o.s.controller.MessController - [Get mess profile]
2023-05-10 12:30:58 [http-nio-5000-exec-6] INFO  c.o.s.controller.MessController - [Get mess profile]
2023-05-10 12:34:27 [http-nio-5000-exec-8] INFO  c.o.s.controller.MessController - [Get mess profile]
2023-05-10 12:34:29 [http-nio-5000-exec-9] INFO  c.o.s.controller.MessController - [Get mess profile]
2023-05-10 12:35:05 [http-nio-5000-exec-10] INFO  c.o.s.controller.MessController - [Get mess profile]
2023-05-10 12:35:15 [http-nio-5000-exec-1] INFO  c.o.s.controller.MessController - [Get mess profile]
2023-05-10 12:39:42 [http-nio-5000-exec-4] INFO  c.o.s.controller.MessController - [Get mess profile]
2023-05-10 12:40:32 [http-nio-5000-exec-5] INFO  c.o.s.controller.MessController - [Get mess profile]
2023-05-10 12:40:47 [http-nio-5000-exec-6] INFO  c.o.s.controller.MessController - [Get mess profile]
2023-05-10 12:40:51 [http-nio-5000-exec-7] INFO  c.o.s.controller.MessController - [Get mess profile]
2023-05-10 12:41:03 [http-nio-5000-exec-8] INFO  c.o.s.controller.MessController - [Get mess profile]
2023-05-10 12:41:20 [http-nio-5000-exec-9] INFO  c.o.s.controller.MessController - [Get mess profile]
2023-05-10 12:41:26 [http-nio-5000-exec-10] INFO  c.o.s.controller.MessController - [Get mess profile]
2023-05-10 12:41:30 [http-nio-5000-exec-1] INFO  c.o.s.controller.MessController - [Get mess profile]
2023-05-10 12:42:11 [http-nio-5000-exec-3] INFO  c.o.s.controller.MessController - [Get mess profile]
2023-05-10 12:42:48 [http-nio-5000-exec-4] INFO  c.o.s.controller.MessController - [Get mess profile]
2023-05-10 12:43:02 [http-nio-5000-exec-5] INFO  c.o.s.controller.MessController - [Get mess profile]
2023-05-10 12:43:18 [http-nio-5000-exec-7] INFO  c.o.s.controller.MessController - [Get mess profile]
2023-05-10 12:43:22 [http-nio-5000-exec-8] INFO  c.o.s.controller.MessController - [Get mess profile]
2023-05-10 12:43:31 [http-nio-5000-exec-9] INFO  c.o.s.controller.MessController - [Get mess profile]
2023-05-10 12:43:35 [http-nio-5000-exec-10] INFO  c.o.s.controller.MessController - [Get mess profile]
2023-05-10 12:43:47 [http-nio-5000-exec-1] INFO  c.o.s.controller.MessController - [Get mess profile]
2023-05-10 12:43:54 [http-nio-5000-exec-2] INFO  c.o.s.controller.MessController - [Get all requests]
2023-05-10 12:44:03 [http-nio-5000-exec-4] INFO  c.o.s.controller.MessController - [Get all requests]
2023-05-10 12:44:08 [http-nio-5000-exec-5] INFO  c.o.s.controller.MessController - [Get mess profile]
2023-05-10 12:45:16 [http-nio-5000-exec-7] INFO  c.o.s.controller.MessController - [Add menu called by mess owner] -  yaman
2023-05-10 12:45:20 [http-nio-5000-exec-8] INFO  c.o.s.controller.MessController - [Add menu called by mess owner] -  yaman
2023-05-10 12:45:21 [http-nio-5000-exec-9] INFO  c.o.s.controller.MessController - [Add menu called by mess owner] -  yaman
2023-05-10 12:45:21 [http-nio-5000-exec-10] INFO  c.o.s.controller.MessController - [Add menu called by mess owner] -  yaman
2023-05-10 12:45:22 [http-nio-5000-exec-1] INFO  c.o.s.controller.MessController - [Add menu called by mess owner] -  yaman
2023-05-10 12:45:23 [http-nio-5000-exec-2] INFO  c.o.s.controller.MessController - [Add menu called by mess owner] -  yaman
2023-05-10 12:45:35 [http-nio-5000-exec-3] INFO  c.o.s.controller.MessController - [Add menu called by mess owner] -  yaman
2023-05-10 12:46:57 [http-nio-5000-exec-5] INFO  c.o.s.controller.MessController - [Add menu called by mess owner] -  yaman
2023-05-10 12:48:02 [http-nio-5000-exec-7] INFO  c.o.s.controller.MessController - [Get mess profile]
2023-05-10 12:48:09 [http-nio-5000-exec-8] INFO  c.o.s.controller.MessController - [Get mess profile]
2023-05-10 12:48:36 [http-nio-5000-exec-9] INFO  c.o.s.controller.MessController - [Add menu called by mess owner] -  yaman
2023-05-10 12:48:47 [http-nio-5000-exec-10] INFO  c.o.s.controller.MessController - [Get mess profile]
2023-05-10 12:49:49 [http-nio-5000-exec-2] INFO  c.o.s.controller.MessController - [Add menu called by mess owner] -  yaman
2023-05-10 12:51:18 [http-nio-5000-exec-4] INFO  c.o.s.controller.MessController - [Get mess profile]
2023-05-10 12:51:37 [http-nio-5000-exec-5] INFO  c.o.s.controller.MessController - [Get mess profile]
2023-05-10 12:52:01 [http-nio-5000-exec-6] INFO  c.o.s.controller.MessController - [Get mess profile]
2023-05-10 12:52:09 [http-nio-5000-exec-7] INFO  c.o.s.controller.MessController - [Get mess profile]
2023-05-10 12:52:14 [http-nio-5000-exec-8] INFO  c.o.s.controller.MessController - [Get mess profile]
2023-05-10 12:52:46 [http-nio-5000-exec-9] INFO  c.o.s.controller.MessController - [Get mess profile]
2023-05-10 12:55:05 [http-nio-5000-exec-1] INFO  c.o.s.controller.MessController - [Get mess profile]
2023-05-10 12:55:32 [http-nio-5000-exec-2] INFO  c.o.s.controller.MessController - [Get mess profile]
2023-05-10 12:56:05 [http-nio-5000-exec-4] INFO  c.o.s.controller.MessController - [Get mess profile]
2023-05-10 12:56:23 [http-nio-5000-exec-5] ERROR o.a.c.c.C.[.[.[.[dispatcherServlet] - Servlet.service() for servlet [dispatcherServlet] in context with path [] threw exception [Request processing failed; nested exception is java.util.NoSuchElementException: No value present] with root cause
java.util.NoSuchElementException: No value present
	at java.base/java.util.Optional.get(Optional.java:148)
	at com.org.spemajorbackend.controller.JwtController.createJwtToken(JwtController.java:28)
	at java.base/jdk.internal.reflect.NativeMethodAccessorImpl.invoke0(Native Method)
	at java.base/jdk.internal.reflect.NativeMethodAccessorImpl.invoke(NativeMethodAccessorImpl.java:62)
	at java.base/jdk.internal.reflect.DelegatingMethodAccessorImpl.invoke(DelegatingMethodAccessorImpl.java:43)
	at java.base/java.lang.reflect.Method.invoke(Method.java:566)
	at org.springframework.web.method.support.InvocableHandlerMethod.doInvoke(InvocableHandlerMethod.java:205)
	at org.springframework.web.method.support.InvocableHandlerMethod.invokeForRequest(InvocableHandlerMethod.java:150)
	at org.springframework.web.servlet.mvc.method.annotation.ServletInvocableHandlerMethod.invokeAndHandle(ServletInvocableHandlerMethod.java:117)
	at org.springframework.web.servlet.mvc.method.annotation.RequestMappingHandlerAdapter.invokeHandlerMethod(RequestMappingHandlerAdapter.java:895)
	at org.springframework.web.servlet.mvc.method.annotation.RequestMappingHandlerAdapter.handleInternal(RequestMappingHandlerAdapter.java:808)
	at org.springframework.web.servlet.mvc.method.AbstractHandlerMethodAdapter.handle(AbstractHandlerMethodAdapter.java:87)
	at org.springframework.web.servlet.DispatcherServlet.doDispatch(DispatcherServlet.java:1072)
	at org.springframework.web.servlet.DispatcherServlet.doService(DispatcherServlet.java:965)
	at org.springframework.web.servlet.FrameworkServlet.processRequest(FrameworkServlet.java:1006)
	at org.springframework.web.servlet.FrameworkServlet.doPost(FrameworkServlet.java:909)
	at javax.servlet.http.HttpServlet.service(HttpServlet.java:528)
	at org.springframework.web.servlet.FrameworkServlet.service(FrameworkServlet.java:883)
	at javax.servlet.http.HttpServlet.service(HttpServlet.java:596)
	at org.apache.catalina.core.ApplicationFilterChain.internalDoFilter(ApplicationFilterChain.java:209)
	at org.apache.catalina.core.ApplicationFilterChain.doFilter(ApplicationFilterChain.java:153)
	at org.apache.tomcat.websocket.server.WsFilter.doFilter(WsFilter.java:53)
	at org.apache.catalina.core.ApplicationFilterChain.internalDoFilter(ApplicationFilterChain.java:178)
	at org.apache.catalina.core.ApplicationFilterChain.doFilter(ApplicationFilterChain.java:153)
	at org.springframework.web.filter.OncePerRequestFilter.doFilter(OncePerRequestFilter.java:111)
	at org.apache.catalina.core.ApplicationFilterChain.internalDoFilter(ApplicationFilterChain.java:178)
	at org.apache.catalina.core.ApplicationFilterChain.doFilter(ApplicationFilterChain.java:153)
	at org.springframework.security.web.FilterChainProxy$VirtualFilterChain.doFilter(FilterChainProxy.java:337)
	at org.springframework.security.web.access.intercept.FilterSecurityInterceptor.invoke(FilterSecurityInterceptor.java:115)
	at org.springframework.security.web.access.intercept.FilterSecurityInterceptor.doFilter(FilterSecurityInterceptor.java:81)
	at org.springframework.security.web.FilterChainProxy$VirtualFilterChain.doFilter(FilterChainProxy.java:346)
	at org.springframework.security.web.access.ExceptionTranslationFilter.doFilter(ExceptionTranslationFilter.java:122)
	at org.springframework.security.web.access.ExceptionTranslationFilter.doFilter(ExceptionTranslationFilter.java:116)
	at org.springframework.security.web.FilterChainProxy$VirtualFilterChain.doFilter(FilterChainProxy.java:346)
	at org.springframework.security.web.session.SessionManagementFilter.doFilter(SessionManagementFilter.java:126)
	at org.springframework.security.web.session.SessionManagementFilter.doFilter(SessionManagementFilter.java:81)
	at org.springframework.security.web.FilterChainProxy$VirtualFilterChain.doFilter(FilterChainProxy.java:346)
	at org.springframework.security.web.authentication.AnonymousAuthenticationFilter.doFilter(AnonymousAuthenticationFilter.java:109)
	at org.springframework.security.web.FilterChainProxy$VirtualFilterChain.doFilter(FilterChainProxy.java:346)
	at org.springframework.security.web.servletapi.SecurityContextHolderAwareRequestFilter.doFilter(SecurityContextHolderAwareRequestFilter.java:149)
	at org.springframework.security.web.FilterChainProxy$VirtualFilterChain.doFilter(FilterChainProxy.java:346)
	at org.springframework.security.web.savedrequest.RequestCacheAwareFilter.doFilter(RequestCacheAwareFilter.java:63)
	at org.springframework.security.web.FilterChainProxy$VirtualFilterChain.doFilter(FilterChainProxy.java:346)
	at com.org.spemajorbackend.config.JwtRequestFilter.doFilterInternal(JwtRequestFilter.java:70)
	at org.springframework.web.filter.OncePerRequestFilter.doFilter(OncePerRequestFilter.java:117)
	at org.springframework.security.web.FilterChainProxy$VirtualFilterChain.doFilter(FilterChainProxy.java:346)
	at org.springframework.security.web.authentication.logout.LogoutFilter.doFilter(LogoutFilter.java:103)
	at org.springframework.security.web.authentication.logout.LogoutFilter.doFilter(LogoutFilter.java:89)
	at org.springframework.security.web.FilterChainProxy$VirtualFilterChain.doFilter(FilterChainProxy.java:346)
	at org.springframework.web.filter.CorsFilter.doFilterInternal(CorsFilter.java:91)
	at org.springframework.web.filter.OncePerRequestFilter.doFilter(OncePerRequestFilter.java:117)
	at org.springframework.security.web.FilterChainProxy$VirtualFilterChain.doFilter(FilterChainProxy.java:346)
	at org.springframework.security.web.header.HeaderWriterFilter.doHeadersAfter(HeaderWriterFilter.java:90)
	at org.springframework.security.web.header.HeaderWriterFilter.doFilterInternal(HeaderWriterFilter.java:75)
	at org.springframework.web.filter.OncePerRequestFilter.doFilter(OncePerRequestFilter.java:117)
	at org.springframework.security.web.FilterChainProxy$VirtualFilterChain.doFilter(FilterChainProxy.java:346)
	at org.springframework.security.web.context.SecurityContextPersistenceFilter.doFilter(SecurityContextPersistenceFilter.java:112)
	at org.springframework.security.web.context.SecurityContextPersistenceFilter.doFilter(SecurityContextPersistenceFilter.java:82)
	at org.springframework.security.web.FilterChainProxy$VirtualFilterChain.doFilter(FilterChainProxy.java:346)
	at org.springframework.security.web.context.request.async.WebAsyncManagerIntegrationFilter.doFilterInternal(WebAsyncManagerIntegrationFilter.java:55)
	at org.springframework.web.filter.OncePerRequestFilter.doFilter(OncePerRequestFilter.java:117)
	at org.springframework.security.web.FilterChainProxy$VirtualFilterChain.doFilter(FilterChainProxy.java:346)
	at org.springframework.security.web.session.DisableEncodeUrlFilter.doFilterInternal(DisableEncodeUrlFilter.java:42)
	at org.springframework.web.filter.OncePerRequestFilter.doFilter(OncePerRequestFilter.java:117)
	at org.springframework.security.web.FilterChainProxy$VirtualFilterChain.doFilter(FilterChainProxy.java:346)
	at org.springframework.security.web.FilterChainProxy.doFilterInternal(FilterChainProxy.java:221)
	at org.springframework.security.web.FilterChainProxy.doFilter(FilterChainProxy.java:186)
	at org.springframework.web.filter.DelegatingFilterProxy.invokeDelegate(DelegatingFilterProxy.java:354)
	at org.springframework.web.filter.DelegatingFilterProxy.doFilter(DelegatingFilterProxy.java:267)
	at org.apache.catalina.core.ApplicationFilterChain.internalDoFilter(ApplicationFilterChain.java:178)
	at org.apache.catalina.core.ApplicationFilterChain.doFilter(ApplicationFilterChain.java:153)
	at org.springframework.web.filter.RequestContextFilter.doFilterInternal(RequestContextFilter.java:100)
	at org.springframework.web.filter.OncePerRequestFilter.doFilter(OncePerRequestFilter.java:117)
	at org.apache.catalina.core.ApplicationFilterChain.internalDoFilter(ApplicationFilterChain.java:178)
	at org.apache.catalina.core.ApplicationFilterChain.doFilter(ApplicationFilterChain.java:153)
	at org.springframework.web.filter.FormContentFilter.doFilterInternal(FormContentFilter.java:93)
	at org.springframework.web.filter.OncePerRequestFilter.doFilter(OncePerRequestFilter.java:117)
	at org.apache.catalina.core.ApplicationFilterChain.internalDoFilter(ApplicationFilterChain.java:178)
	at org.apache.catalina.core.ApplicationFilterChain.doFilter(ApplicationFilterChain.java:153)
	at org.springframework.web.filter.CharacterEncodingFilter.doFilterInternal(CharacterEncodingFilter.java:201)
	at org.springframework.web.filter.OncePerRequestFilter.doFilter(OncePerRequestFilter.java:117)
	at org.apache.catalina.core.ApplicationFilterChain.internalDoFilter(ApplicationFilterChain.java:178)
	at org.apache.catalina.core.ApplicationFilterChain.doFilter(ApplicationFilterChain.java:153)
	at org.apache.catalina.core.StandardWrapperValve.invoke(StandardWrapperValve.java:167)
	at org.apache.catalina.core.StandardContextValve.invoke(StandardContextValve.java:90)
	at org.apache.catalina.authenticator.AuthenticatorBase.invoke(AuthenticatorBase.java:492)
	at org.apache.catalina.core.StandardHostValve.invoke(StandardHostValve.java:130)
	at org.apache.catalina.valves.ErrorReportValve.invoke(ErrorReportValve.java:93)
	at org.apache.catalina.core.StandardEngineValve.invoke(StandardEngineValve.java:74)
	at org.apache.catalina.connector.CoyoteAdapter.service(CoyoteAdapter.java:343)
	at org.apache.coyote.http11.Http11Processor.service(Http11Processor.java:389)
	at org.apache.coyote.AbstractProcessorLight.process(AbstractProcessorLight.java:63)
	at org.apache.coyote.AbstractProtocol$ConnectionHandler.process(AbstractProtocol.java:926)
	at org.apache.tomcat.util.net.NioEndpoint$SocketProcessor.doRun(NioEndpoint.java:1791)
	at org.apache.tomcat.util.net.SocketProcessorBase.run(SocketProcessorBase.java:49)
	at org.apache.tomcat.util.threads.ThreadPoolExecutor.runWorker(ThreadPoolExecutor.java:1191)
	at org.apache.tomcat.util.threads.ThreadPoolExecutor$Worker.run(ThreadPoolExecutor.java:659)
	at org.apache.tomcat.util.threads.TaskThread$WrappingRunnable.run(TaskThread.java:61)
	at java.base/java.lang.Thread.run(Thread.java:829)
2023-05-10 12:56:39 [http-nio-5000-exec-7] INFO  c.o.s.controller.CustomerController - [Get all mess list]
2023-05-10 12:57:55 [http-nio-5000-exec-9] INFO  c.o.s.controller.CustomerController - [Get profile info of customer] - sami
2023-05-10 12:58:22 [http-nio-5000-exec-1] INFO  c.o.s.controller.CustomerController - [Get all mess list]
2023-05-10 12:59:58 [http-nio-5000-exec-4] INFO  c.o.s.controller.CustomerController - [Get all mess list]
2023-05-10 13:00:05 [http-nio-5000-exec-5] INFO  c.o.s.controller.CustomerController - [Get profile info of customer] - Sami
2023-05-10 13:04:31 [SpringApplicationShutdownHook] INFO  o.s.o.j.LocalContainerEntityManagerFactoryBean - Closing JPA EntityManagerFactory for persistence unit 'default'
2023-05-10 13:04:31 [SpringApplicationShutdownHook] INFO  com.zaxxer.hikari.HikariDataSource - HikariPool-1 - Shutdown initiated...
2023-05-10 13:04:31 [SpringApplicationShutdownHook] INFO  com.zaxxer.hikari.HikariDataSource - HikariPool-1 - Shutdown completed.
2023-05-10 13:04:35 [restartedMain] INFO  c.o.s.SpeMajorBackendApplication - Starting SpeMajorBackendApplication using Java 11.0.19 on pop-os with PID 1006 (/home/kay_r0hit/Rohit/sem2/SPE/SPEMajorProject/SPEMajorBackend/target/classes started by kay_r0hit in /home/kay_r0hit/Rohit/sem2/SPE/SPEMajorProject/SPEMajorBackend)
2023-05-10 13:04:35 [restartedMain] INFO  c.o.s.SpeMajorBackendApplication - No active profile set, falling back to 1 default profile: "default"
2023-05-10 13:04:35 [restartedMain] INFO  o.s.b.d.e.DevToolsPropertyDefaultsPostProcessor - Devtools property defaults active! Set 'spring.devtools.add-properties' to 'false' to disable
2023-05-10 13:04:35 [restartedMain] INFO  o.s.b.d.e.DevToolsPropertyDefaultsPostProcessor - For additional web related logging consider setting the 'logging.level.web' property to 'DEBUG'
2023-05-10 13:04:36 [restartedMain] INFO  o.s.d.r.c.RepositoryConfigurationDelegate - Bootstrapping Spring Data JPA repositories in DEFAULT mode.
2023-05-10 13:04:36 [restartedMain] INFO  o.s.d.r.c.RepositoryConfigurationDelegate - Finished Spring Data repository scanning in 43 ms. Found 6 JPA repository interfaces.
2023-05-10 13:04:36 [restartedMain] INFO  o.s.b.w.e.tomcat.TomcatWebServer - Tomcat initialized with port(s): 5000 (http)
2023-05-10 13:04:36 [restartedMain] INFO  o.a.catalina.core.StandardService - Starting service [Tomcat]
2023-05-10 13:04:36 [restartedMain] INFO  o.a.catalina.core.StandardEngine - Starting Servlet engine: [Apache Tomcat/9.0.73]
2023-05-10 13:04:36 [restartedMain] INFO  o.a.c.c.C.[Tomcat].[localhost].[/] - Initializing Spring embedded WebApplicationContext
2023-05-10 13:04:36 [restartedMain] INFO  o.s.b.w.s.c.ServletWebServerApplicationContext - Root WebApplicationContext: initialization completed in 1237 ms
2023-05-10 13:04:36 [restartedMain] INFO  o.h.jpa.internal.util.LogHelper - HHH000204: Processing PersistenceUnitInfo [name: default]
2023-05-10 13:04:36 [restartedMain] INFO  org.hibernate.Version - HHH000412: Hibernate ORM core version 5.6.15.Final
2023-05-10 13:04:37 [restartedMain] INFO  o.h.annotations.common.Version - HCANN000001: Hibernate Commons Annotations {5.1.2.Final}
2023-05-10 13:04:37 [restartedMain] INFO  com.zaxxer.hikari.HikariDataSource - HikariPool-1 - Starting...
2023-05-10 13:04:37 [restartedMain] INFO  com.zaxxer.hikari.HikariDataSource - HikariPool-1 - Start completed.
2023-05-10 13:04:37 [restartedMain] INFO  org.hibernate.dialect.Dialect - HHH000400: Using dialect: org.hibernate.dialect.MySQL5InnoDBDialect
2023-05-10 13:04:37 [restartedMain] INFO  o.h.e.t.j.p.i.JtaPlatformInitiator - HHH000490: Using JtaPlatform implementation: [org.hibernate.engine.transaction.jta.platform.internal.NoJtaPlatform]
2023-05-10 13:04:37 [restartedMain] INFO  o.s.o.j.LocalContainerEntityManagerFactoryBean - Initialized JPA EntityManagerFactory for persistence unit 'default'
2023-05-10 13:04:38 [restartedMain] WARN  o.s.b.a.o.j.JpaBaseConfiguration$JpaWebConfiguration - spring.jpa.open-in-view is enabled by default. Therefore, database queries may be performed during view rendering. Explicitly configure spring.jpa.open-in-view to disable this warning
2023-05-10 13:04:38 [restartedMain] INFO  o.s.s.web.DefaultSecurityFilterChain - Will secure any request with [org.springframework.security.web.session.DisableEncodeUrlFilter@1e9b807a, org.springframework.security.web.context.request.async.WebAsyncManagerIntegrationFilter@598e02d3, org.springframework.security.web.context.SecurityContextPersistenceFilter@67672b40, org.springframework.security.web.header.HeaderWriterFilter@a14ad75, org.springframework.web.filter.CorsFilter@1e688cbe, org.springframework.security.web.authentication.logout.LogoutFilter@50718b69, com.org.spemajorbackend.config.JwtRequestFilter@1e2aa606, org.springframework.security.web.savedrequest.RequestCacheAwareFilter@27e694e3, org.springframework.security.web.servletapi.SecurityContextHolderAwareRequestFilter@28dc8e1d, org.springframework.security.web.authentication.AnonymousAuthenticationFilter@7fa6b95c, org.springframework.security.web.session.SessionManagementFilter@38299d12, org.springframework.security.web.access.ExceptionTranslationFilter@36405f22, org.springframework.security.web.access.intercept.FilterSecurityInterceptor@5da41cfb]
2023-05-10 13:04:39 [restartedMain] INFO  o.s.b.d.a.OptionalLiveReloadServer - LiveReload server is running on port 35729
2023-05-10 13:04:39 [restartedMain] INFO  o.s.b.w.e.tomcat.TomcatWebServer - Tomcat started on port(s): 5000 (http) with context path ''
2023-05-10 13:04:39 [restartedMain] INFO  c.o.s.SpeMajorBackendApplication - Started SpeMajorBackendApplication in 4.083 seconds (JVM running for 4.816)
2023-05-10 13:04:43 [http-nio-5000-exec-1] INFO  o.a.c.c.C.[Tomcat].[localhost].[/] - Initializing Spring DispatcherServlet 'dispatcherServlet'
2023-05-10 13:04:43 [http-nio-5000-exec-1] INFO  o.s.web.servlet.DispatcherServlet - Initializing Servlet 'dispatcherServlet'
2023-05-10 13:04:43 [http-nio-5000-exec-1] INFO  o.s.web.servlet.DispatcherServlet - Completed initialization in 2 ms
2023-05-10 13:04:50 [http-nio-5000-exec-2] INFO  c.o.s.controller.CustomerController - [Get all mess list]
2023-05-10 13:05:05 [http-nio-5000-exec-3] INFO  c.o.s.controller.CustomerController - [Request to join a mess with id] - yaman
2023-05-10 13:05:27 [http-nio-5000-exec-4] INFO  c.o.s.controller.CustomerController - [Get profile info of customer] - Sami
2023-05-10 13:05:55 [http-nio-5000-exec-5] INFO  c.o.s.controller.CustomerController - [Get all mess list]
2023-05-10 13:24:05 [SpringApplicationShutdownHook] INFO  o.s.o.j.LocalContainerEntityManagerFactoryBean - Closing JPA EntityManagerFactory for persistence unit 'default'
2023-05-10 13:24:05 [SpringApplicationShutdownHook] INFO  com.zaxxer.hikari.HikariDataSource - HikariPool-1 - Shutdown initiated...
2023-05-10 13:24:05 [SpringApplicationShutdownHook] INFO  com.zaxxer.hikari.HikariDataSource - HikariPool-1 - Shutdown completed.
